<?xml version="1.0" encoding="UTF-8"?>
<!-- Generated by org.testng.reporters.JUnitXMLReporter -->
<testsuite ignored="0" hostname="CO-IT022607" failures="1" tests="1" name="Map Test" time="1.905" errors="0" timestamp="24 Nov 2022 19:24:05 GMT">
  <testcase classname="test.BankTransactionsTests" name="firstTest" time="1.882">
    <failure type="java.lang.RuntimeException" message="com.fasterxml.jackson.databind.exc.InvalidDefinitionException: Cannot construct instance of `base.model.PojoBankUser` (no Creators, like default constructor, exist): cannot deserialize from Object value (no delegate- or property-based Creator)
 at [Source: (String)&amp;quot;{&amp;quot;name&amp;quot;:&amp;quot;D&amp;apos;angelo&amp;quot;,&amp;quot;lastName&amp;quot;:&amp;quot;Ferry&amp;quot;,&amp;quot;accountNumber&amp;quot;:&amp;quot;10147066&amp;quot;,&amp;quot;amount&amp;quot;:&amp;quot;912.97&amp;quot;,&amp;quot;transactionType&amp;quot;:&amp;quot;withdrawal&amp;quot;,&amp;quot;email&amp;quot;:&amp;quot;Carmella18@hotmail.com&amp;quot;,&amp;quot;active&amp;quot;:false,&amp;quot;country&amp;quot;:&amp;quot;Cambridgeshire&amp;quot;,&amp;quot;telephone&amp;quot;:&amp;quot;991.585.7365 x9589&amp;quot;,&amp;quot;id&amp;quot;:&amp;quot;1&amp;quot;}&amp;quot;; line: 1, column: 2]">
      <![CDATA[java.lang.RuntimeException: com.fasterxml.jackson.databind.exc.InvalidDefinitionException: Cannot construct instance of `base.model.PojoBankUser` (no Creators, like default constructor, exist): cannot deserialize from Object value (no delegate- or property-based Creator)
 at [Source: (String)"{"name":"D'angelo","lastName":"Ferry","accountNumber":"10147066","amount":"912.97","transactionType":"withdrawal","email":"Carmella18@hotmail.com","active":false,"country":"Cambridgeshire","telephone":"991.585.7365 x9589","id":"1"}"; line: 1, column: 2]
at io.restassured.internal.path.json.mapping.JsonPathJackson2ObjectDeserializer.deserialize(JsonPathJackson2ObjectDeserializer.java:30)
at io.restassured.internal.path.json.mapping.JsonObjectDeserializer.deserializeWithJackson2(JsonObjectDeserializer.java:93)
at io.restassured.internal.path.json.mapping.JsonObjectDeserializer.deserialize(JsonObjectDeserializer.java:53)
at io.restassured.path.json.JsonPath.jsonStringToObject(JsonPath.java:1093)
at io.restassured.path.json.JsonPath.getList(JsonPath.java:400)
at base.requests.Request.getUsers(Request.java:41)
at base.requests.Request.getUsersSize(Request.java:18)
at test.BankTransactionsTests.firstTest(BankTransactionsTests.java:14)
Caused by: com.fasterxml.jackson.databind.exc.InvalidDefinitionException: Cannot construct instance of `base.model.PojoBankUser` (no Creators, like default constructor, exist): cannot deserialize from Object value (no delegate- or property-based Creator)
 at [Source: (String)"{"name":"D'angelo","lastName":"Ferry","accountNumber":"10147066","amount":"912.97","transactionType":"withdrawal","email":"Carmella18@hotmail.com","active":false,"country":"Cambridgeshire","telephone":"991.585.7365 x9589","id":"1"}"; line: 1, column: 2]
at com.fasterxml.jackson.databind.exc.InvalidDefinitionException.from(InvalidDefinitionException.java:67)
at com.fasterxml.jackson.databind.DeserializationContext.reportBadDefinition(DeserializationContext.java:1909)
at com.fasterxml.jackson.databind.DatabindContext.reportBadDefinition(DatabindContext.java:408)
at com.fasterxml.jackson.databind.DeserializationContext.handleMissingInstantiator(DeserializationContext.java:1354)
at com.fasterxml.jackson.databind.deser.BeanDeserializerBase.deserializeFromObjectUsingNonDefault(BeanDeserializerBase.java:1420)
at com.fasterxml.jackson.databind.deser.BeanDeserializer.deserializeFromObject(BeanDeserializer.java:352)
at com.fasterxml.jackson.databind.deser.BeanDeserializer.deserialize(BeanDeserializer.java:185)
at com.fasterxml.jackson.databind.deser.DefaultDeserializationContext.readRootValue(DefaultDeserializationContext.java:323)
at com.fasterxml.jackson.databind.ObjectMapper._readMapAndClose(ObjectMapper.java:4730)
at com.fasterxml.jackson.databind.ObjectMapper.readValue(ObjectMapper.java:3677)
at io.restassured.internal.path.json.mapping.JsonPathJackson2ObjectDeserializer.deserialize(JsonPathJackson2ObjectDeserializer.java:28)
... 35 more
... Removed 28 stack frames]]>
    </failure>
  </testcase> <!-- firstTest -->
</testsuite> <!-- Map Test -->
