<?xml version="1.0" encoding="UTF-8"?>
<testsuite xmlns:xsi="http://www.w3.org/2001/XMLSchema-instance" xsi:schemaLocation="https://maven.apache.org/surefire/maven-surefire-plugin/xsd/surefire-test-report.xsd" name="TestSuite" time="2.399" tests="1" errors="0" skipped="0" failures="1">
  <properties>
[...]
</properties>
  <testcase name="firstTest" classname="test.BankTransactionsTests" time="1.887">
    <failure message="com.fasterxml.jackson.databind.exc.InvalidDefinitionException: Cannot construct instance of `base.model.PojoBankUser` (no Creators, like default constructor, exist): cannot deserialize from Object value (no delegate- or property-based Creator)&#10; at [Source: (String)&quot;{&quot;name&quot;:&quot;D&apos;angelo&quot;,&quot;lastName&quot;:&quot;Ferry&quot;,&quot;accountNumber&quot;:&quot;10147066&quot;,&quot;amount&quot;:&quot;912.97&quot;,&quot;transactionType&quot;:&quot;withdrawal&quot;,&quot;email&quot;:&quot;Carmella18@hotmail.com&quot;,&quot;active&quot;:false,&quot;country&quot;:&quot;Cambridgeshire&quot;,&quot;telephone&quot;:&quot;991.585.7365 x9589&quot;,&quot;id&quot;:&quot;1&quot;}&quot;; line: 1, column: 2]" type="java.lang.RuntimeException">java.lang.RuntimeException: 
com.fasterxml.jackson.databind.exc.InvalidDefinitionException: Cannot construct instance of `base.model.PojoBankUser` (no Creators, like default constructor, exist): cannot deserialize from Object value (no delegate- or property-based Creator)
 at [Source: (String)"{"name":"D'angelo","lastName":"Ferry","accountNumber":"10147066","amount":"912.97","transactionType":"withdrawal","email":"Carmella18@hotmail.com","active":false,"country":"Cambridgeshire","telephone":"991.585.7365 x9589","id":"1"}"; line: 1, column: 2]
	at test.BankTransactionsTests.firstTest(BankTransactionsTests.java:14)
Caused by: com.fasterxml.jackson.databind.exc.InvalidDefinitionException: 
Cannot construct instance of `base.model.PojoBankUser` (no Creators, like default constructor, exist): cannot deserialize from Object value (no delegate- or property-based Creator)
 at [Source: (String)"{"name":"D'angelo","lastName":"Ferry","accountNumber":"10147066","amount":"912.97","transactionType":"withdrawal","email":"Carmella18@hotmail.com","active":false,"country":"Cambridgeshire","telephone":"991.585.7365 x9589","id":"1"}"; line: 1, column: 2]
	at test.BankTransactionsTests.firstTest(BankTransactionsTests.java:14)
</failure>
  </testcase>
</testsuite>